<?xml version="1.0" encoding="UTF-8"?>
<!-- Generated by org.testng.reporters.JUnitReportReporter -->
<testsuite hostname="IN2449063W1" failures="0" tests="1" name="testPackage.ResponseBodyValidation" time="9.856" errors="0" timestamp="2023-01-20T13:23:29 IST" skipped="0">
  <testcase classname="testPackage.ResponseBodyValidation" name="BodyPrint" time="9.856"/>
  <system-out/>
</testsuite> <!-- testPackage.ResponseBodyValidation -->
