<?xml version="1.0" encoding="UTF-8"?>
<!-- Generated by org.testng.reporters.JUnitReportReporter -->
<testsuite hostname="IN2449063W1" failures="0" tests="1" name="testPackage.RestAssuredAPitest" time="1.990" errors="0" timestamp="2023-01-20T12:53:34 IST" skipped="0">
  <testcase classname="testPackage.RestAssuredAPitest" name="getusers" time="1.990"/>
  <system-out/>
</testsuite> <!-- testPackage.RestAssuredAPitest -->
