<?xml version="1.0" encoding="UTF-8"?>
<!-- Generated by org.testng.reporters.JUnitReportReporter -->
<testsuite hostname="IN2449063W1" failures="0" tests="1" name="testPackage.HeaderValidationDemo" time="2.673" errors="0" timestamp="2023-01-20T13:14:34 IST" skipped="0">
  <testcase classname="testPackage.HeaderValidationDemo" name="HeaderPrint" time="2.673"/>
  <system-out/>
</testsuite> <!-- testPackage.HeaderValidationDemo -->
